Mono path[0] = '/Users/dbear/tdw_build/TDW/TDW.app/Contents/Resources/Data/Managed'
Mono config path = '/Users/dbear/tdw_build/TDW/TDW.app/Contents/MonoBleedingEdge/etc'
Initialize engine version: 2020.2.5f1 (e2c53f129de5)
Plugins: Couldn't open OculusXRPlugin, error: dlopen(OculusXRPlugin, 2): image not found

[Subsystems] Discovering subsystems at path /Users/dbear/tdw_build/TDW/TDW.app/Contents/Resources/Data/UnitySubsystems
[Subsystems] No descriptors matched for  examples in UnitySubsystems/OculusXRPlugin/UnitySubsystemsManifest.json.
[Subsystems] 1 'inputs' descriptors matched in UnitySubsystems/OculusXRPlugin/UnitySubsystemsManifest.json
[Subsystems] 1 'displays' descriptors matched in UnitySubsystems/OculusXRPlugin/UnitySubsystemsManifest.json
[Subsystems] No descriptors matched for  meshings in UnitySubsystems/OculusXRPlugin/UnitySubsystemsManifest.json.
[Subsystems] No descriptors matched for  examples in UnitySubsystems/WindowsMRXRSDK/UnitySubsystemsManifest.json.
[Subsystems] 1 'inputs' descriptors matched in UnitySubsystems/WindowsMRXRSDK/UnitySubsystemsManifest.json
[Subsystems] 1 'displays' descriptors matched in UnitySubsystems/WindowsMRXRSDK/UnitySubsystemsManifest.json
[Subsystems] 1 'meshings' descriptors matched in UnitySubsystems/WindowsMRXRSDK/UnitySubsystemsManifest.json
GfxDevice: creating device client; threaded=1
2021-05-05 09:42:32.391 TDW[18334:32206106] Color LCD preferred device: AMD Radeon Pro 5600M (high power)
2021-05-05 09:42:32.392 TDW[18334:32206106] Metal devices available: 2
2021-05-05 09:42:32.392 TDW[18334:32206106] 0: AMD Radeon Pro 5600M (high power)
2021-05-05 09:42:32.392 TDW[18334:32206106] 1: Intel(R) UHD Graphics 630 (low power)
2021-05-05 09:42:32.392 TDW[18334:32206106] Using device AMD Radeon Pro 5600M (high power)
Initializing Metal device caps: AMD Radeon Pro 5600M
Begin MonoManager ReloadAssembly
- Completed reload, in  0.083 seconds
XRGeneral Settings awakening...

UnloadTime: 1.013992 ms
Setting up 8 worker threads for Enlighten.
  Thread -> id: 70000b323000 -> priority: 1 
  Thread -> id: 70000b6b8000 -> priority: 1 
  Thread -> id: 70000b429000 -> priority: 1 
  Thread -> id: 70000b4ac000 -> priority: 1 
  Thread -> id: 70000b635000 -> priority: 1 
  Thread -> id: 70000b5b2000 -> priority: 1 
  Thread -> id: 70000b3a6000 -> priority: 1 
  Thread -> id: 70000b52f000 -> priority: 1 
Fallback handler could not load library /Users/dbear/tdw_build/TDW/TDW.app/Contents/Frameworks/MonoEmbedRuntime/osx/libKernel32
Fallback handler could not load library /Users/dbear/tdw_build/TDW/TDW.app/Contents/Frameworks/MonoEmbedRuntime/osx/libKernel32.dylib
Fallback handler could not load library /Users/dbear/tdw_build/TDW/TDW.app/Contents/Frameworks/MonoEmbedRuntime/osx/libKernel32.so
Fallback handler could not load library /Users/dbear/tdw_build/TDW/TDW.app/Contents/Frameworks/MonoEmbedRuntime/osx/libKernel32.bundle
Fallback handler could not load library /Users/dbear/tdw_build/TDW/TDW.app/Contents/Frameworks/MonoEmbedRuntime/osx/Kernel32
Fallback handler could not load library /Users/dbear/tdw_build/TDW/TDW.app/Contents/Frameworks/MonoEmbedRuntime/osx/libKernel32
Fallback handler could not load library /Users/dbear/tdw_build/TDW/TDW.app/Contents/Frameworks/MonoEmbedRuntime/osx/libKernel32.dylib
Fallback handler could not load library /Users/dbear/tdw_build/TDW/TDW.app/Contents/Frameworks/MonoEmbedRuntime/osx/libKernel32.so
Fallback handler could not load library /Users/dbear/tdw_build/TDW/TDW.app/Contents/Frameworks/MonoEmbedRuntime/osx/libKernel32.bundle
Fallback handler could not load library /Users/dbear/tdw_build/TDW/TDW.app/Contents/Frameworks/MonoEmbedRuntime/osx/libKernel32
Object with ID 1 already exists in the cache. This object has been given a new ID: -1746589243 [TDW.ProcGenSceneRoot]

ArgumentException: An item with the same key has already been added. Key: 1
  at System.Collections.Generic.Dictionary`2[TKey,TValue].TryInsert (TKey key, TValue value, System.Collections.Generic.InsertionBehavior behavior) [0x000c1] in <eae584ce26bc40229c1b1aa476bfa589>:0 
  at System.Collections.Generic.Dictionary`2[TKey,TValue].Add (TKey key, TValue value) [0x00000] in <eae584ce26bc40229c1b1aa476bfa589>:0 
  at TDW.ProcGenSceneRoot.CacheObject (TDW.CachedObjectBase c) [0x00000] in <98aa15c76d934440ae87c14431a509fa>:0 
  at TDW.ProcGenSceneRoot.CacheModel (TDW.CachedModel c) [0x00000] in <98aa15c76d934440ae87c14431a509fa>:0 
  at TDWInput.AddModelCommand.End (UnityEngine.GameObject obj) [0x000ba] in <98aa15c76d934440ae87c14431a509fa>:0 
  at TDWInput.AddObject.End (UnityEngine.GameObject obj) [0x00000] in <98aa15c76d934440ae87c14431a509fa>:0 
  at TDWInput.AssetBundleCommand`1+<DownloadAssetBundle>d__16[T].MoveNext () [0x0008f] in <98aa15c76d934440ae87c14431a509fa>:0 
  at UnityEngine.SetupCoroutine.InvokeMoveNext (System.Collections.IEnumerator enumerator, System.IntPtr returnValueAddress) [0x00026] in <c2bff599c28644f6b32da33613885e20>:0 
UnityEngine.MonoBehaviour:StartCoroutineManaged2(IEnumerator)
UnityEngine.MonoBehaviour:StartCoroutine(IEnumerator)
TDWInput.AssetBundleCommand`1:Do()
NetworkManager:Unpack(NetMQMessage&)
Req:Update()

